d:\myproject-opencv\paperfuse(open3.1new)\paperfuse(open3.1new)\x64\debug\vc120.pdb
d:\myproject-opencv\paperfuse(open3.1new)\paperfuse(open3.1new)\x64\debug\vc120.idb
d:\myproject-opencv\paperfuse(open3.1new)\paperfuse(open3.1new)\x64\debug\myblockdescriptor.obj
d:\myproject-opencv\paperfuse(open3.1new)\paperfuse(open3.1new)\x64\debug\myclassifierbase.obj
d:\myproject-opencv\paperfuse(open3.1new)\paperfuse(open3.1new)\x64\debug\myhog.obj
d:\myproject-opencv\paperfuse(open3.1new)\paperfuse(open3.1new)\x64\debug\myimagesequence.obj
d:\myproject-opencv\paperfuse(open3.1new)\paperfuse(open3.1new)\x64\debug\mylbp.obj
d:\myproject-opencv\paperfuse(open3.1new)\paperfuse(open3.1new)\x64\debug\mysupervisedclassifier.obj
d:\myproject-opencv\paperfuse(open3.1new)\paperfuse(open3.1new)\x64\debug\mysvm.obj
d:\myproject-opencv\paperfuse(open3.1new)\paperfuse(open3.1new)\x64\debug\source.obj
d:\myproject-opencv\paperfuse(open3.1new)\x64\debug\paperfuse(open3.1new).pdb
d:\myproject-opencv\paperfuse(open3.1new)\paperfuse(open3.1new)\x64\debug\paperfus.1b2e346d.tlog\cl.command.1.tlog
d:\myproject-opencv\paperfuse(open3.1new)\paperfuse(open3.1new)\x64\debug\paperfus.1b2e346d.tlog\cl.read.1.tlog
d:\myproject-opencv\paperfuse(open3.1new)\paperfuse(open3.1new)\x64\debug\paperfus.1b2e346d.tlog\cl.write.1.tlog
d:\myproject-opencv\paperfuse(open3.1new)\paperfuse(open3.1new)\x64\debug\paperfus.1b2e346d.tlog\link-cvtres.read.1.tlog
d:\myproject-opencv\paperfuse(open3.1new)\paperfuse(open3.1new)\x64\debug\paperfus.1b2e346d.tlog\link-cvtres.write.1.tlog
d:\myproject-opencv\paperfuse(open3.1new)\paperfuse(open3.1new)\x64\debug\paperfus.1b2e346d.tlog\link-rc.read.1.tlog
d:\myproject-opencv\paperfuse(open3.1new)\paperfuse(open3.1new)\x64\debug\paperfus.1b2e346d.tlog\link-rc.write.1.tlog
d:\myproject-opencv\paperfuse(open3.1new)\paperfuse(open3.1new)\x64\debug\paperfus.1b2e346d.tlog\link.command.1.tlog
d:\myproject-opencv\paperfuse(open3.1new)\paperfuse(open3.1new)\x64\debug\paperfus.1b2e346d.tlog\link.read.1.tlog
d:\myproject-opencv\paperfuse(open3.1new)\paperfuse(open3.1new)\x64\debug\paperfus.1b2e346d.tlog\link.write.1.tlog
